<?xml version="1.0" encoding="UTF-8"?>
<testsuite name="com.devexercise.developer.Controller.ProductControllerTest" tests="1" skipped="0" failures="1" errors="0" timestamp="2025-04-10T12:16:47.427Z" hostname="Lazars-MacBook-Pro.local" time="0.131">
  <properties/>
  <testcase name="shouldReturnBadRequest_WhenNameIsBlank()" classname="com.devexercise.developer.Controller.ProductControllerTest" time="0.131">
    <failure message="java.lang.AssertionError: Status expected:&lt;400&gt; but was:&lt;201&gt;" type="java.lang.AssertionError">java.lang.AssertionError: Status expected:&lt;400&gt; but was:&lt;201&gt;
	at org.springframework.test.util.AssertionErrors.fail(AssertionErrors.java:61)
	at org.springframework.test.util.AssertionErrors.assertEquals(AssertionErrors.java:128)
	at org.springframework.test.web.servlet.result.StatusResultMatchers.lambda$matcher$9(StatusResultMatchers.java:640)
	at org.springframework.test.web.servlet.MockMvc$1.andExpect(MockMvc.java:214)
	at com.devexercise.developer.Controller.ProductControllerTest.shouldReturnBadRequest_WhenNameIsBlank(ProductControllerTest.java:52)
	at java.base/java.lang.reflect.Method.invoke(Method.java:580)
	at java.base/java.util.ArrayList.forEach(ArrayList.java:1596)
	at java.base/java.util.ArrayList.forEach(ArrayList.java:1596)
</failure>
  </testcase>
  <system-out><![CDATA[15:16:46.232 [Test worker] INFO org.springframework.boot.test.context.SpringBootTestContextBootstrapper -- Found @SpringBootConfiguration com.devexercise.developer.DeveloperExerciseApplication for test class com.devexercise.developer.Controller.ProductControllerTest

  .   ____          _            __ _ _
 /\\ / ___'_ __ _ _(_)_ __  __ _ \ \ \ \
( ( )\___ | '_ | '_| | '_ \/ _` | \ \ \ \
 \\/  ___)| |_)| | | | | || (_| |  ) ) ) )
  '  |____| .__|_| |_|_| |_\__, | / / / /
 =========|_|==============|___/=/_/_/_/

 :: Spring Boot ::                (v3.4.4)

2025-04-10T15:16:46.949+03:00  INFO 1505 --- [developer-exercise] [    Test worker] c.d.d.Controller.ProductControllerTest   : Starting ProductControllerTest using Java 21.0.6 with PID 1505 (started by lazaravramov in /Users/lazaravramov/Downloads/developer-excercise)
2025-04-10T15:16:46.950+03:00  INFO 1505 --- [developer-exercise] [    Test worker] c.d.d.Controller.ProductControllerTest   : No active profile set, falling back to 1 default profile: "default"
2025-04-10T15:16:47.400+03:00  INFO 1505 --- [developer-exercise] [    Test worker] o.s.b.t.m.w.SpringBootMockServletContext : Initializing Spring TestDispatcherServlet ''
2025-04-10T15:16:47.400+03:00  INFO 1505 --- [developer-exercise] [    Test worker] o.s.t.web.servlet.TestDispatcherServlet  : Initializing Servlet ''
2025-04-10T15:16:47.401+03:00  INFO 1505 --- [developer-exercise] [    Test worker] o.s.t.web.servlet.TestDispatcherServlet  : Completed initialization in 1 ms
2025-04-10T15:16:47.422+03:00  INFO 1505 --- [developer-exercise] [    Test worker] c.d.d.Controller.ProductControllerTest   : Started ProductControllerTest in 0.65 seconds (process running for 1.653)

MockHttpServletRequest:
      HTTP Method = POST
      Request URI = /products
       Parameters = {}
          Headers = [Content-Type:"application/json;charset=UTF-8", Content-Length:"36"]
             Body = {
    "name": "",
    "price": 50
}

    Session Attrs = {}

Handler:
             Type = com.devexercise.developer.Controller.ProductController
           Method = com.devexercise.developer.Controller.ProductController#createProduct(Product)

Async:
    Async started = false
     Async result = null

Resolved Exception:
             Type = null

ModelAndView:
        View name = null
             View = null
            Model = null

FlashMap:
       Attributes = null

MockHttpServletResponse:
           Status = 201
    Error message = null
          Headers = []
     Content type = null
             Body = 
    Forwarded URL = null
   Redirected URL = null
          Cookies = []
]]></system-out>
  <system-err><![CDATA[Mockito is currently self-attaching to enable the inline-mock-maker. This will no longer work in future releases of the JDK. Please add Mockito as an agent to your build what is described in Mockito's documentation: https://javadoc.io/doc/org.mockito/mockito-core/latest/org/mockito/Mockito.html#0.3
WARNING: A Java agent has been loaded dynamically (/Users/lazaravramov/.gradle/caches/modules-2/files-2.1/net.bytebuddy/byte-buddy-agent/1.15.11/a38b16385e867f59a641330f0362ebe742788ed8/byte-buddy-agent-1.15.11.jar)
WARNING: If a serviceability tool is in use, please run with -XX:+EnableDynamicAgentLoading to hide this warning
WARNING: If a serviceability tool is not in use, please run with -Djdk.instrument.traceUsage for more information
WARNING: Dynamic loading of agents will be disallowed by default in a future release
]]></system-err>
</testsuite>
